<?xml version="1.0" encoding="UTF-8"?>
<!-- Generated by org.testng.reporters.JUnitXMLReporter -->
<testsuite ignored="2" hostname="Kas-MacBook-Air.lan" failures="0" tests="1" name="Default test" time="15.595" errors="0" timestamp="2023-01-31T23:25:08 AEST">
  <testcase classname="testRunner.PlanitTesting" name="validateCartPage" time="3.96"/>
  <testcase classname="testRunner.PlanitTesting" name="verifySuccessfulSubmissionMsg" time="0.0">
    <ignored/>
  </testcase> <!-- verifySuccessfulSubmissionMsg -->
  <testcase classname="testRunner.PlanitTesting" name="verifyErrorMessage" time="0.0">
    <ignored/>
  </testcase> <!-- verifyErrorMessage -->
</testsuite> <!-- Default test -->
