<?xml version="1.0" encoding="UTF-8"?>
<!-- Generated by org.testng.reporters.JUnitXMLReporter -->
<testsuite ignored="2" hostname="Kas-MacBook-Air.lan" failures="0" tests="1" name="Default test" time="23.224" errors="0" timestamp="2023-02-01T09:49:04 AEST">
  <testcase classname="testRunner.PlanitTesting" name="validateCartPage1" time="6.14"/>
  <testcase classname="testRunner.PlanitTesting" name="verifySuccessfulSubmissionMsg" time="0.0">
    <ignored/>
  </testcase> <!-- verifySuccessfulSubmissionMsg -->
  <testcase classname="testRunner.PlanitTesting" name="verifyErrorMessage" time="0.0">
    <ignored/>
  </testcase> <!-- verifyErrorMessage -->
</testsuite> <!-- Default test -->
