<?xml version="1.0" encoding="UTF-8"?>
<!-- Generated by org.testng.reporters.JUnitXMLReporter -->
<testsuite ignored="0" hostname="Kas-MacBook-Air.lan" failures="0" tests="7" name="Test" time="89.168" errors="0" timestamp="2023-02-01T10:57:51 AEST">
  <testcase classname="testRunner.PlanitTesting" name="verifyErrorMessage" time="1.576"/>
  <testcase classname="testRunner.PlanitTesting" name="verifySuccessfulSubmissionMsg" time="12.576"/>
  <testcase classname="testRunner.PlanitTesting" name="verifySuccessfulSubmissionMsg" time="2.765"/>
  <testcase classname="testRunner.PlanitTesting" name="verifySuccessfulSubmissionMsg" time="14.738"/>
  <testcase classname="testRunner.PlanitTesting" name="verifySuccessfulSubmissionMsg" time="8.245"/>
  <testcase classname="testRunner.PlanitTesting" name="verifySuccessfulSubmissionMsg" time="4.256"/>
  <testcase classname="testRunner.PlanitTesting" name="validateCartPage1" time="2.723"/>
</testsuite> <!-- Test -->
