<?xml version="1.0" encoding="UTF-8"?>
<!-- Generated by org.testng.reporters.JUnitXMLReporter -->
<testsuite ignored="0" hostname="Kas-MacBook-Air.lan" failures="0" tests="7" name="Test" time="121.35" errors="0" timestamp="2023-02-01T09:57:32 AEST">
  <testcase classname="testRunner.PlanitTesting" name="validateCartPage1" time="6.31"/>
  <testcase classname="testRunner.PlanitTesting" name="verifyErrorMessage" time="2.665"/>
  <testcase classname="testRunner.PlanitTesting" name="verifySuccessfulSubmissionMsg" time="3.023"/>
  <testcase classname="testRunner.PlanitTesting" name="verifySuccessfulSubmissionMsg" time="7.801"/>
  <testcase classname="testRunner.PlanitTesting" name="verifySuccessfulSubmissionMsg" time="4.873"/>
  <testcase classname="testRunner.PlanitTesting" name="verifySuccessfulSubmissionMsg" time="2.944"/>
  <testcase classname="testRunner.PlanitTesting" name="verifySuccessfulSubmissionMsg" time="17.624"/>
</testsuite> <!-- Test -->
